[35m[Appium][39m Welcome to Appium v1.22.3
[35m[Appium][39m Non-default server args:
[35m[Appium][39m   port: 58382
[35m[Appium][39m   loglevel: info
[35m[Appium][39m   tmpDir: C:\Users\windows\AppData\Local\Temp\\Katalon\Appium\Temp1658284461464
[35m[Appium][39m   chromedriverPort: 58383
[35m[Appium][39m Deprecated server args:
[35m[Appium][39m   [31m--chromedriver-port[39m => --default-capabilities
[35m[Appium][39m Default capabilities, which will be added to each request unless overridden by desired capabilities:
[35m[Appium][39m   chromedriverPort: 58383
[35m[Appium][39m Appium REST http interface listener started on 0.0.0.0:58382
[35m[HTTP][39m [37m-->[39m [37mGET[39m [37m/wd/hub/status[39m
[35m[HTTP][39m [90m{}[39m
[35m[HTTP][39m [37m<-- GET /wd/hub/status [39m[32m200[39m [90m129 ms - 68[39m
[35m[HTTP][39m [90m[39m
[35m[HTTP][39m [37m-->[39m [37mGET[39m [37m/wd/hub/status[39m
[35m[HTTP][39m [90m{}[39m
[35m[HTTP][39m [37m<-- GET /wd/hub/status [39m[32m200[39m [90m5 ms - 68[39m
[35m[HTTP][39m [90m[39m
[35m[HTTP][39m [37m-->[39m [37mPOST[39m [37m/wd/hub/session[39m
[35m[HTTP][39m [90m{"desiredCapabilities":{"app":"C:\\Users\\windows\\Downloads\\Telegram Desktop\\app-release.apk","noReset":true,"newCommandTimeout":1800,"platformVersion":"5.1.1","autoGrantPermissions":true,"platformName":"Android","udid":"dfe5ce9a","deviceName":"OPPO A37f (Android 5.1.1)","fullReset":false,"platform":"ANDROID","systemPort":58441},"capabilities":{"firstMatch":[{"appium:app":"C:\\Users\\windows\\Downloads\\Telegram Desktop\\app-release.apk","appium:autoGrantPermissions":true,"appium:deviceName":"OPPO A37f (Android 5.1.1)","appium:fullReset":false,"appium:newCommandTimeout":1800,"appium:noReset":true,"platform":"ANDROID","platformName":"android","appium:platformVersion":"5.1.1","appium:systemPort":58441,"appium:udid":"dfe5ce9a"}]}}[39m
[35m[BaseDriver][39m The following capabilities are not standard capabilities and should have an extension prefix:
[35m[BaseDriver][39m   platform
[35m[BaseDriver][39m   chromedriverPort
[35m[Appium][39m 
[35m[Appium][39m ======================================================================
[35m[Appium][39m   DEPRECATION WARNING:
[35m[Appium][39m 
[35m[Appium][39m   The 'automationName' capability was not provided in the desired 
[35m[Appium][39m   capabilities for this Android session
[35m[Appium][39m 
[35m[Appium][39m   Setting 'automationName=UiAutomator2' by default and using the 
[35m[Appium][39m   UiAutomator2 Driver
[35m[Appium][39m 
[35m[Appium][39m   The next major version of Appium (2.x) will **require** the 
[35m[Appium][39m   'automationName' capability to be set for all sessions on all 
[35m[Appium][39m   platforms
[35m[Appium][39m 
[35m[Appium][39m   In previous versions (Appium <= 1.13.x), the default was 
[35m[Appium][39m   'automationName=UiAutomator1'
[35m[Appium][39m 
[35m[Appium][39m   If you wish to use that automation instead of UiAutomator2, please 
[35m[Appium][39m   add 'automationName=UiAutomator1' to your desired capabilities
[35m[Appium][39m 
[35m[Appium][39m   For more information about drivers, please visit 
[35m[Appium][39m   http://appium.io/docs/en/about-appium/intro/ and explore the 
[35m[Appium][39m   'Drivers' menu
[35m[Appium][39m 
[35m[Appium][39m ======================================================================
[35m[Appium][39m 
[35m[Appium][39m Appium v1.22.3 creating new AndroidUiautomator2Driver (v1.70.1) session
[35m[BaseDriver][39m The following capabilities were provided, but are not recognized by Appium:
[35m[BaseDriver][39m   platform
[35m[BaseDriver][39m Session created with session id: 3dad9a8e-6ec6-45a5-bba7-f14648b39e25
[35m[BaseDriver][39m Using local app 'C:\Users\windows\Downloads\Telegram Desktop\app-release.apk'
[35m[ADB][39m Found 1 'build-tools' folders under 'C:\Users\windows\.katalon\tools\android_sdk' (newest first):
[35m[ADB][39m     C:/Users/windows/.katalon/tools/android_sdk/build-tools/29.0.3
[35m[ADB][39m Using 'adb.exe' from 'C:\Users\windows\.katalon\tools\android_sdk\platform-tools\adb.exe'
[35m[AndroidDriver][39m Retrieving device list
[35m[AndroidDriver][39m Using device: dfe5ce9a
[35m[ADB][39m Using 'adb.exe' from 'C:\Users\windows\.katalon\tools\android_sdk\platform-tools\adb.exe'
[35m[ADB][39m Package name: 'com.example.edutiv'
[35m[ADB][39m Main activity name: 'com.example.edutiv.MainActivity'
[35m[AndroidDriver][39m Granting permissions SET_ANIMATION_SCALE,CHANGE_CONFIGURATION,ACCESS_FINE_LOCATION to 'io.appium.settings'
[35m[ADB][39m Using 'apksigner.jar' from 'C:\Users\windows\.katalon\tools\android_sdk\build-tools\29.0.3\lib\apksigner.jar'
[35m[ADB][39m 'C:\Users\windows\AppData\Roaming\npm\node_modules\appium\node_modules\appium-uiautomator2-server\apks\appium-uiautomator2-server-v4.27.0.apk' is signed with the default certificate
[35m[ADB][39m 'C:\Users\windows\AppData\Roaming\npm\node_modules\appium\node_modules\appium-uiautomator2-server\apks\appium-uiautomator2-server-debug-androidTest.apk' is signed with the default certificate
[35m[UiAutomator2][39m Server packages are not going to be (re)installed
[35m[ADB][39m 'C:\Users\windows\Downloads\Telegram Desktop\app-release.apk' is signed with a non-default certificate
[35m[UiAutomator2][39m Starting UIAutomator2 server 4.27.0
[35m[UiAutomator2][39m Using UIAutomator2 server from 'C:\Users\windows\AppData\Roaming\npm\node_modules\appium\node_modules\appium-uiautomator2-server\apks\appium-uiautomator2-server-v4.27.0.apk' and test from 'C:\Users\windows\AppData\Roaming\npm\node_modules\appium\node_modules\appium-uiautomator2-server\apks\appium-uiautomator2-server-debug-androidTest.apk'
[35m[UiAutomator2][39m Waiting up to 30000ms for UiAutomator2 to be online...
[35m[WD Proxy][39m socket hang up
[35m[WD Proxy][39m socket hang up
[35m[WD Proxy][39m socket hang up
[35m[WD Proxy][39m Determined the downstream protocol as 'W3C'
[35m[AndroidDriver][39m Screen already unlocked, doing nothing
[35m[UiAutomator2][39m Starting 'com.example.edutiv/com.example.edutiv.MainActivity and waiting for 'com.example.edutiv/com.example.edutiv.MainActivity'
[35m[Appium][39m New AndroidUiautomator2Driver session created successfully, session 3dad9a8e-6ec6-45a5-bba7-f14648b39e25 added to master session list
[35m[HTTP][39m [37m<-- POST /wd/hub/session [39m[32m200[39m [90m41895 ms - 1195[39m
[35m[HTTP][39m [90m[39m
[35m[HTTP][39m [37m-->[39m [37mGET[39m [37m/wd/hub/session/3dad9a8e-6ec6-45a5-bba7-f14648b39e25[39m
[35m[HTTP][39m [90m{}[39m
[35m[HTTP][39m [37m<-- GET /wd/hub/session/3dad9a8e-6ec6-45a5-bba7-f14648b39e25 [39m[32m200[39m [90m27 ms - 1149[39m
[35m[HTTP][39m [90m[39m
[35m[HTTP][39m [37m-->[39m [37mGET[39m [37m/wd/hub/session/3dad9a8e-6ec6-45a5-bba7-f14648b39e25[39m
[35m[HTTP][39m [90m{}[39m
[35m[HTTP][39m [37m<-- GET /wd/hub/session/3dad9a8e-6ec6-45a5-bba7-f14648b39e25 [39m[32m200[39m [90m18 ms - 1149[39m
[35m[HTTP][39m [90m[39m
[35m[HTTP][39m [37m-->[39m [37mGET[39m [37m/wd/hub/status[39m
[35m[HTTP][39m [90m{}[39m
[35m[HTTP][39m [37m<-- GET /wd/hub/status [39m[32m200[39m [90m4 ms - 68[39m
[35m[HTTP][39m [90m[39m
[35m[HTTP][39m [37m-->[39m [37mPOST[39m [37m/wd/hub/session/3dad9a8e-6ec6-45a5-bba7-f14648b39e25/timeouts[39m
[35m[HTTP][39m [90m{"implicit":60000}[39m
[35m[HTTP][39m [37m<-- POST /wd/hub/session/3dad9a8e-6ec6-45a5-bba7-f14648b39e25/timeouts [39m[32m200[39m [90m11 ms - 14[39m
[35m[HTTP][39m [90m[39m
[35m[HTTP][39m [37m-->[39m [37mGET[39m [37m/wd/hub/session/3dad9a8e-6ec6-45a5-bba7-f14648b39e25/source[39m
[35m[HTTP][39m [90m{}[39m
[35m[W3C (3dad9a8e)][39m Driver proxy active, passing request on via HTTP proxy
[35m[WD Proxy][39m Replacing sessionId 134d14e5-ede8-476c-bb57-aad5bdb3b095 with 3dad9a8e-6ec6-45a5-bba7-f14648b39e25
[35m[HTTP][39m [37m<-- GET /wd/hub/session/3dad9a8e-6ec6-45a5-bba7-f14648b39e25/source [39m[32m200[39m [90m1221 ms - 9910[39m
[35m[HTTP][39m [90m[39m
[35m[HTTP][39m [37m-->[39m [37mGET[39m [37m/wd/hub/session/3dad9a8e-6ec6-45a5-bba7-f14648b39e25/screenshot[39m
[35m[HTTP][39m [90m{}[39m
[35m[HTTP][39m [37m<-- GET /wd/hub/session/3dad9a8e-6ec6-45a5-bba7-f14648b39e25/screenshot [39m[32m200[39m [90m610 ms - 105600[39m
[35m[HTTP][39m [90m[39m
[35m[HTTP][39m [37m-->[39m [37mGET[39m [37m/wd/hub/session/3dad9a8e-6ec6-45a5-bba7-f14648b39e25/source[39m
[35m[HTTP][39m [90m{}[39m
[35m[W3C (3dad9a8e)][39m Driver proxy active, passing request on via HTTP proxy
[35m[WD Proxy][39m Replacing sessionId 134d14e5-ede8-476c-bb57-aad5bdb3b095 with 3dad9a8e-6ec6-45a5-bba7-f14648b39e25
[35m[HTTP][39m [37m<-- GET /wd/hub/session/3dad9a8e-6ec6-45a5-bba7-f14648b39e25/source [39m[32m200[39m [90m863 ms - 10268[39m
[35m[HTTP][39m [90m[39m
[35m[HTTP][39m [37m-->[39m [37mGET[39m [37m/wd/hub/session/3dad9a8e-6ec6-45a5-bba7-f14648b39e25/screenshot[39m
[35m[HTTP][39m [90m{}[39m
[35m[HTTP][39m [37m<-- GET /wd/hub/session/3dad9a8e-6ec6-45a5-bba7-f14648b39e25/screenshot [39m[32m200[39m [90m557 ms - 171638[39m
[35m[HTTP][39m [90m[39m
[35m[HTTP][39m [37m-->[39m [37mPOST[39m [37m/wd/hub/session/3dad9a8e-6ec6-45a5-bba7-f14648b39e25/elements[39m
[35m[HTTP][39m [90m{"using":"xpath","value":"//*[@class = 'android.view.View' and @resource-id = '' and (@text = '' or . = '')]"}[39m
[35m[HTTP][39m [37m<-- POST /wd/hub/session/3dad9a8e-6ec6-45a5-bba7-f14648b39e25/elements [39m[32m200[39m [90m856 ms - 1035[39m
[35m[HTTP][39m [90m[39m
[35m[HTTP][39m [37m-->[39m [37mPOST[39m [37m/wd/hub/session/3dad9a8e-6ec6-45a5-bba7-f14648b39e25/elements[39m
[35m[HTTP][39m [90m{"using":"accessibility id","value":"Data Report"}[39m
[35m[HTTP][39m [37m<-- POST /wd/hub/session/3dad9a8e-6ec6-45a5-bba7-f14648b39e25/elements [39m[32m200[39m [90m60458 ms - 12[39m
[35m[HTTP][39m [90m[39m
[35m[HTTP][39m [37m-->[39m [37mPOST[39m [37m/wd/hub/session/3dad9a8e-6ec6-45a5-bba7-f14648b39e25/elements[39m
[35m[HTTP][39m [90m{"using":"-android uiautomator","value":"new UiSelector().className(\"android.view.View\").resourceId(\"\")"}[39m
[35m[HTTP][39m [37m<-- POST /wd/hub/session/3dad9a8e-6ec6-45a5-bba7-f14648b39e25/elements [39m[32m200[39m [90m8947 ms - 1035[39m
[35m[HTTP][39m [90m[39m
[35m[HTTP][39m [37m-->[39m [37mGET[39m [37m/wd/hub/session/3dad9a8e-6ec6-45a5-bba7-f14648b39e25/source[39m
[35m[HTTP][39m [90m{}[39m
[35m[W3C (3dad9a8e)][39m Driver proxy active, passing request on via HTTP proxy
[35m[WD Proxy][39m Replacing sessionId 134d14e5-ede8-476c-bb57-aad5bdb3b095 with 3dad9a8e-6ec6-45a5-bba7-f14648b39e25
[35m[HTTP][39m [37m<-- GET /wd/hub/session/3dad9a8e-6ec6-45a5-bba7-f14648b39e25/source [39m[32m200[39m [90m1120 ms - 7454[39m
[35m[HTTP][39m [90m[39m
[35m[HTTP][39m [37m-->[39m [37mGET[39m [37m/wd/hub/session/3dad9a8e-6ec6-45a5-bba7-f14648b39e25/screenshot[39m
[35m[HTTP][39m [90m{}[39m
[35m[HTTP][39m [37m<-- GET /wd/hub/session/3dad9a8e-6ec6-45a5-bba7-f14648b39e25/screenshot [39m[32m200[39m [90m485 ms - 152274[39m
[35m[HTTP][39m [90m[39m
[35m[HTTP][39m [37m-->[39m [37mPOST[39m [37m/wd/hub/session/3dad9a8e-6ec6-45a5-bba7-f14648b39e25/elements[39m
[35m[HTTP][39m [90m{"using":"xpath","value":"//*[@class = 'android.widget.ImageView' and @resource-id = '' and (@text = '' or . = '')]"}[39m
[35m[HTTP][39m [37m<-- POST /wd/hub/session/3dad9a8e-6ec6-45a5-bba7-f14648b39e25/elements [39m[32m200[39m [90m1013 ms - 395[39m
[35m[HTTP][39m [90m[39m
[35m[HTTP][39m [37m-->[39m [37mPOST[39m [37m/wd/hub/session/3dad9a8e-6ec6-45a5-bba7-f14648b39e25/elements[39m
[35m[HTTP][39m [90m{"using":"accessibility id","value":"Learn Figma: User Interface Design Essentials — UI/UX Design"}[39m
[35m[HTTP][39m [37m<-- POST /wd/hub/session/3dad9a8e-6ec6-45a5-bba7-f14648b39e25/elements [39m[32m200[39m [90m1102 ms - 139[39m
[35m[HTTP][39m [90m[39m
[35m[HTTP][39m [37m-->[39m [37mGET[39m [37m/wd/hub/session/3dad9a8e-6ec6-45a5-bba7-f14648b39e25/source[39m
[35m[HTTP][39m [90m{}[39m
[35m[W3C (3dad9a8e)][39m Driver proxy active, passing request on via HTTP proxy
[35m[WD Proxy][39m Replacing sessionId 134d14e5-ede8-476c-bb57-aad5bdb3b095 with 3dad9a8e-6ec6-45a5-bba7-f14648b39e25
[35m[HTTP][39m [37m<-- GET /wd/hub/session/3dad9a8e-6ec6-45a5-bba7-f14648b39e25/source [39m[32m200[39m [90m423 ms - 5243[39m
[35m[HTTP][39m [90m[39m
[35m[HTTP][39m [37m-->[39m [37mGET[39m [37m/wd/hub/session/3dad9a8e-6ec6-45a5-bba7-f14648b39e25/screenshot[39m
[35m[HTTP][39m [90m{}[39m
[35m[HTTP][39m [37m<-- GET /wd/hub/session/3dad9a8e-6ec6-45a5-bba7-f14648b39e25/screenshot [39m[32m200[39m [90m477 ms - 147038[39m
[35m[HTTP][39m [90m[39m
[35m[HTTP][39m [37m-->[39m [37mPOST[39m [37m/wd/hub/session/3dad9a8e-6ec6-45a5-bba7-f14648b39e25/elements[39m
[35m[HTTP][39m [90m{"using":"xpath","value":"//*[@class = 'android.widget.Button' and @resource-id = '' and (@text = '' or . = '')]"}[39m
[35m[HTTP][39m [37m<-- POST /wd/hub/session/3dad9a8e-6ec6-45a5-bba7-f14648b39e25/elements [39m[32m200[39m [90m80 ms - 267[39m
[35m[HTTP][39m [90m[39m
[35m[HTTP][39m [37m-->[39m [37mPOST[39m [37m/wd/hub/session/3dad9a8e-6ec6-45a5-bba7-f14648b39e25/elements[39m
[35m[HTTP][39m [90m{"using":"accessibility id","value":"DOWNLOAD CERTIFICATE"}[39m
[35m[HTTP][39m [37m<-- POST /wd/hub/session/3dad9a8e-6ec6-45a5-bba7-f14648b39e25/elements [39m[32m200[39m [90m537 ms - 139[39m
[35m[HTTP][39m [90m[39m
[35m[HTTP][39m [37m-->[39m [37mGET[39m [37m/wd/hub/session/3dad9a8e-6ec6-45a5-bba7-f14648b39e25/source[39m
[35m[HTTP][39m [90m{}[39m
[35m[W3C (3dad9a8e)][39m Driver proxy active, passing request on via HTTP proxy
[35m[WD Proxy][39m Replacing sessionId 134d14e5-ede8-476c-bb57-aad5bdb3b095 with 3dad9a8e-6ec6-45a5-bba7-f14648b39e25
[35m[HTTP][39m [37m<-- GET /wd/hub/session/3dad9a8e-6ec6-45a5-bba7-f14648b39e25/source [39m[32m200[39m [90m1258 ms - 8744[39m
[35m[HTTP][39m [90m[39m
[35m[HTTP][39m [37m-->[39m [37mGET[39m [37m/wd/hub/session/3dad9a8e-6ec6-45a5-bba7-f14648b39e25/screenshot[39m
[35m[HTTP][39m [90m{}[39m
[35m[HTTP][39m [37m<-- GET /wd/hub/session/3dad9a8e-6ec6-45a5-bba7-f14648b39e25/screenshot [39m[32m200[39m [90m467 ms - 110214[39m
[35m[HTTP][39m [90m[39m
[35m[HTTP][39m [37m-->[39m [37mPOST[39m [37m/wd/hub/session/3dad9a8e-6ec6-45a5-bba7-f14648b39e25/elements[39m
[35m[HTTP][39m [90m{"using":"xpath","value":"//*[@class = 'android.widget.Button' and @resource-id = '' and (@text = '' or . = '')]"}[39m
[35m[HTTP][39m [37m<-- POST /wd/hub/session/3dad9a8e-6ec6-45a5-bba7-f14648b39e25/elements [39m[32m200[39m [90m115 ms - 651[39m
[35m[HTTP][39m [90m[39m
[35m[HTTP][39m [37m-->[39m [37mPOST[39m [37m/wd/hub/session/3dad9a8e-6ec6-45a5-bba7-f14648b39e25/elements[39m
[35m[HTTP][39m [90m{"using":"-android uiautomator","value":"new UiSelector().className(\"android.widget.Button\").resourceId(\"\")"}[39m
[35m[HTTP][39m [37m<-- POST /wd/hub/session/3dad9a8e-6ec6-45a5-bba7-f14648b39e25/elements [39m[32m200[39m [90m7106 ms - 651[39m
[35m[HTTP][39m [90m[39m
[35m[HTTP][39m [37m-->[39m [37mDELETE[39m [37m/wd/hub/session/3dad9a8e-6ec6-45a5-bba7-f14648b39e25[39m
[35m[HTTP][39m [90m{}[39m
[35m[Appium][39m Removing session 3dad9a8e-6ec6-45a5-bba7-f14648b39e25 from our master session list
[35m[HTTP][39m [37m<-- DELETE /wd/hub/session/3dad9a8e-6ec6-45a5-bba7-f14648b39e25 [39m[32m200[39m [90m1712 ms - 14[39m
[35m[HTTP][39m [90m[39m
